<?xml version="1.0" encoding="UTF-8"?>
<testsuite xmlns:xsi="http://www.w3.org/2001/XMLSchema-instance" xsi:noNamespaceSchemaLocation="https://maven.apache.org/surefire/maven-surefire-plugin/xsd/surefire-test-report-3.0.xsd" version="3.0" name="com.example.AppTest" time="0.02" tests="2" errors="0" skipped="0" failures="0">
  <properties>
    <property name="gopherProxySet" value="false"/>
    <property name="awt.toolkit" value="sun.lwawt.macosx.LWCToolkit"/>
    <property name="java.specification.version" value="11"/>
    <property name="sun.cpu.isalist" value=""/>
    <property name="sun.jnu.encoding" value="UTF-8"/>
    <property name="java.class.path" value="/Users/hashimkhan/Documents/java-mvn-practice/hdt-based-project/hdt-sparql-project/target/test-classes:/Users/hashimkhan/Documents/java-mvn-practice/hdt-based-project/hdt-sparql-project/target/classes:/Users/hashimkhan/.m2/repository/com/github/rdfhdt/hdt-java/2.1.2/hdt-java-2.1.2.jar:/Users/hashimkhan/.m2/repository/com/github/rdfhdt/hdt-java/hdt-api/2.1.2/hdt-api-2.1.2.jar:/Users/hashimkhan/.m2/repository/com/github/rdfhdt/hdt-java/hdt-fuseki/2.1.2/hdt-fuseki-2.1.2.jar:/Users/hashimkhan/.m2/repository/org/apache/jena/jena-arq/3.13.1/jena-arq-3.13.1.jar:/Users/hashimkhan/.m2/repository/org/apache/jena/jena-shaded-guava/3.13.1/jena-shaded-guava-3.13.1.jar:/Users/hashimkhan/.m2/repository/org/apache/httpcomponents/httpclient/4.5.10/httpclient-4.5.10.jar:/Users/hashimkhan/.m2/repository/org/apache/httpcomponents/httpcore/4.4.12/httpcore-4.4.12.jar:/Users/hashimkhan/.m2/repository/com/github/jsonld-java/jsonld-java/0.12.5/jsonld-java-0.12.5.jar:/Users/hashimkhan/.m2/repository/com/fasterxml/jackson/core/jackson-core/2.9.10/jackson-core-2.9.10.jar:/Users/hashimkhan/.m2/repository/com/fasterxml/jackson/core/jackson-databind/2.9.10/jackson-databind-2.9.10.jar:/Users/hashimkhan/.m2/repository/com/fasterxml/jackson/core/jackson-annotations/2.9.10/jackson-annotations-2.9.10.jar:/Users/hashimkhan/.m2/repository/org/apache/httpcomponents/httpclient-cache/4.5.10/httpclient-cache-4.5.10.jar:/Users/hashimkhan/.m2/repository/org/apache/thrift/libthrift/0.12.0/libthrift-0.12.0.jar:/Users/hashimkhan/.m2/repository/org/slf4j/jcl-over-slf4j/1.7.26/jcl-over-slf4j-1.7.26.jar:/Users/hashimkhan/.m2/repository/org/apache/commons/commons-lang3/3.9/commons-lang3-3.9.jar:/Users/hashimkhan/.m2/repository/org/apache/jena/jena-base/3.13.1/jena-base-3.13.1.jar:/Users/hashimkhan/.m2/repository/org/apache/commons/commons-csv/1.7/commons-csv-1.7.jar:/Users/hashimkhan/.m2/repository/commons-io/commons-io/2.6/commons-io-2.6.jar:/Users/hashimkhan/.m2/repository/com/github/andrewoma/dexx/collection/0.7/collection-0.7.jar:/Users/hashimkhan/.m2/repository/org/apache/jena/jena-core/3.13.1/jena-core-3.13.1.jar:/Users/hashimkhan/.m2/repository/org/apache/jena/jena-iri/3.13.1/jena-iri-3.13.1.jar:/Users/hashimkhan/.m2/repository/commons-cli/commons-cli/1.4/commons-cli-1.4.jar:/Users/hashimkhan/.m2/repository/commons-codec/commons-codec/1.13/commons-codec-1.13.jar:/Users/hashimkhan/.m2/repository/org/slf4j/slf4j-api/1.7.30/slf4j-api-1.7.30.jar:/Users/hashimkhan/.m2/repository/org/apache/jena/jena-fuseki1/3.9.0/jena-fuseki1-3.9.0.jar:/Users/hashimkhan/.m2/repository/org/apache/jena/jena-text/3.9.0/jena-text-3.9.0.jar:/Users/hashimkhan/.m2/repository/org/apache/jena/jena-cmds/3.9.0/jena-cmds-3.9.0.jar:/Users/hashimkhan/.m2/repository/org/apache/lucene/lucene-core/6.4.1/lucene-core-6.4.1.jar:/Users/hashimkhan/.m2/repository/org/apache/lucene/lucene-analyzers-common/6.4.1/lucene-analyzers-common-6.4.1.jar:/Users/hashimkhan/.m2/repository/org/apache/lucene/lucene-queryparser/6.4.1/lucene-queryparser-6.4.1.jar:/Users/hashimkhan/.m2/repository/org/apache/lucene/lucene-queries/6.4.1/lucene-queries-6.4.1.jar:/Users/hashimkhan/.m2/repository/org/apache/lucene/lucene-sandbox/6.4.1/lucene-sandbox-6.4.1.jar:/Users/hashimkhan/.m2/repository/org/apache/lucene/lucene-highlighter/6.4.1/lucene-highlighter-6.4.1.jar:/Users/hashimkhan/.m2/repository/org/apache/lucene/lucene-join/6.4.1/lucene-join-6.4.1.jar:/Users/hashimkhan/.m2/repository/org/apache/lucene/lucene-memory/6.4.1/lucene-memory-6.4.1.jar:/Users/hashimkhan/.m2/repository/org/apache/jena/jena-spatial/3.9.0/jena-spatial-3.9.0.jar:/Users/hashimkhan/.m2/repository/org/apache/lucene/lucene-spatial/6.4.1/lucene-spatial-6.4.1.jar:/Users/hashimkhan/.m2/repository/org/apache/lucene/lucene-spatial-extras/6.4.1/lucene-spatial-extras-6.4.1.jar:/Users/hashimkhan/.m2/repository/org/apache/lucene/lucene-misc/6.4.1/lucene-misc-6.4.1.jar:/Users/hashimkhan/.m2/repository/org/apache/lucene/lucene-spatial3d/6.4.1/lucene-spatial3d-6.4.1.jar:/Users/hashimkhan/.m2/repository/org/locationtech/spatial4j/spatial4j/0.6/spatial4j-0.6.jar:/Users/hashimkhan/.m2/repository/commons-fileupload/commons-fileupload/1.3.3/commons-fileupload-1.3.3.jar:/Users/hashimkhan/.m2/repository/org/eclipse/jetty/jetty-server/8.1.22.v20160922/jetty-server-8.1.22.v20160922.jar:/Users/hashimkhan/.m2/repository/org/eclipse/jetty/orbit/javax.servlet/3.0.0.v201112011016/javax.servlet-3.0.0.v201112011016.jar:/Users/hashimkhan/.m2/repository/org/eclipse/jetty/jetty-continuation/8.1.22.v20160922/jetty-continuation-8.1.22.v20160922.jar:/Users/hashimkhan/.m2/repository/org/eclipse/jetty/jetty-http/8.1.22.v20160922/jetty-http-8.1.22.v20160922.jar:/Users/hashimkhan/.m2/repository/org/eclipse/jetty/jetty-io/8.1.22.v20160922/jetty-io-8.1.22.v20160922.jar:/Users/hashimkhan/.m2/repository/org/eclipse/jetty/jetty-servlet/8.1.22.v20160922/jetty-servlet-8.1.22.v20160922.jar:/Users/hashimkhan/.m2/repository/org/eclipse/jetty/jetty-servlets/8.1.22.v20160922/jetty-servlets-8.1.22.v20160922.jar:/Users/hashimkhan/.m2/repository/org/eclipse/jetty/jetty-client/8.1.22.v20160922/jetty-client-8.1.22.v20160922.jar:/Users/hashimkhan/.m2/repository/org/eclipse/jetty/jetty-xml/8.1.22.v20160922/jetty-xml-8.1.22.v20160922.jar:/Users/hashimkhan/.m2/repository/org/eclipse/jetty/jetty-security/8.1.22.v20160922/jetty-security-8.1.22.v20160922.jar:/Users/hashimkhan/.m2/repository/org/eclipse/jetty/jetty-util/8.1.22.v20160922/jetty-util-8.1.22.v20160922.jar:/Users/hashimkhan/.m2/repository/org/apache/velocity/velocity/1.7/velocity-1.7.jar:/Users/hashimkhan/.m2/repository/commons-collections/commons-collections/3.2.1/commons-collections-3.2.1.jar:/Users/hashimkhan/.m2/repository/commons-lang/commons-lang/2.4/commons-lang-2.4.jar:/Users/hashimkhan/.m2/repository/org/slf4j/slf4j-log4j12/1.7.25/slf4j-log4j12-1.7.25.jar:/Users/hashimkhan/.m2/repository/log4j/log4j/1.2.17/log4j-1.2.17.jar:/Users/hashimkhan/.m2/repository/com/github/rdfhdt/hdt-java/hdt-java-cli/2.1.2/hdt-java-cli-2.1.2.jar:/Users/hashimkhan/.m2/repository/com/beust/jcommander/1.78/jcommander-1.78.jar:/Users/hashimkhan/.m2/repository/ch/qos/logback/logback-classic/1.2.3/logback-classic-1.2.3.jar:/Users/hashimkhan/.m2/repository/ch/qos/logback/logback-core/1.2.3/logback-core-1.2.3.jar:/Users/hashimkhan/.m2/repository/com/github/rdfhdt/hdt-java/hdt-java-core/2.1.2/hdt-java-core-2.1.2.jar:/Users/hashimkhan/.m2/repository/org/apache/commons/commons-compress/1.20/commons-compress-1.20.jar:/Users/hashimkhan/.m2/repository/pl/edu/icm/JLargeArrays/1.6/JLargeArrays-1.6.jar:/Users/hashimkhan/.m2/repository/org/apache/commons/commons-math3/3.5/commons-math3-3.5.jar:/Users/hashimkhan/.m2/repository/org/tukaani/xz/1.6/xz-1.6.jar:/Users/hashimkhan/.m2/repository/com/github/rdfhdt/hdt-java/hdt-jena/2.1.2/hdt-jena-2.1.2.jar:/Users/hashimkhan/.m2/repository/org/apache/jena/jena-rdfpatch/4.10.0/jena-rdfpatch-4.10.0.jar:/Users/hashimkhan/.m2/repository/org/apache/jena/jena-shacl/4.10.0/jena-shacl-4.10.0.jar:/Users/hashimkhan/.m2/repository/org/apache/jena/jena-shex/4.10.0/jena-shex-4.10.0.jar:/Users/hashimkhan/.m2/repository/org/apache/jena/jena-tdb/4.10.0/jena-tdb-4.10.0.jar:/Users/hashimkhan/.m2/repository/org/apache/jena/jena-tdb2/4.10.0/jena-tdb2-4.10.0.jar:/Users/hashimkhan/.m2/repository/org/apache/jena/jena-dboe-storage/4.10.0/jena-dboe-storage-4.10.0.jar:/Users/hashimkhan/.m2/repository/org/apache/jena/jena-dboe-trans-data/4.10.0/jena-dboe-trans-data-4.10.0.jar:/Users/hashimkhan/.m2/repository/org/apache/jena/jena-dboe-transaction/4.10.0/jena-dboe-transaction-4.10.0.jar:/Users/hashimkhan/.m2/repository/org/apache/jena/jena-dboe-base/4.10.0/jena-dboe-base-4.10.0.jar:/Users/hashimkhan/.m2/repository/org/apache/jena/jena-dboe-index/4.10.0/jena-dboe-index-4.10.0.jar:/Users/hashimkhan/.m2/repository/org/apache/jena/jena-rdfconnection/4.10.0/jena-rdfconnection-4.10.0.jar:/Users/hashimkhan/.m2/repository/org/junit/jupiter/junit-jupiter/5.10.0/junit-jupiter-5.10.0.jar:/Users/hashimkhan/.m2/repository/org/junit/jupiter/junit-jupiter-api/5.10.0/junit-jupiter-api-5.10.0.jar:/Users/hashimkhan/.m2/repository/org/opentest4j/opentest4j/1.3.0/opentest4j-1.3.0.jar:/Users/hashimkhan/.m2/repository/org/junit/platform/junit-platform-commons/1.10.0/junit-platform-commons-1.10.0.jar:/Users/hashimkhan/.m2/repository/org/apiguardian/apiguardian-api/1.1.2/apiguardian-api-1.1.2.jar:/Users/hashimkhan/.m2/repository/org/junit/jupiter/junit-jupiter-params/5.10.0/junit-jupiter-params-5.10.0.jar:/Users/hashimkhan/.m2/repository/org/junit/jupiter/junit-jupiter-engine/5.10.0/junit-jupiter-engine-5.10.0.jar:/Users/hashimkhan/.m2/repository/org/junit/platform/junit-platform-engine/1.10.0/junit-platform-engine-1.10.0.jar:"/>
    <property name="java.vm.vendor" value="Homebrew"/>
    <property name="sun.arch.data.model" value="64"/>
    <property name="java.vendor.url" value="https://github.com/Homebrew/homebrew-core/issues"/>
    <property name="user.timezone" value=""/>
    <property name="java.vm.specification.version" value="11"/>
    <property name="os.name" value="Mac OS X"/>
    <property name="sun.java.launcher" value="SUN_STANDARD"/>
    <property name="user.country" value="DE"/>
    <property name="sun.boot.library.path" value="/opt/homebrew/Cellar/openjdk@11/11.0.26/libexec/openjdk.jdk/Contents/Home/lib"/>
    <property name="sun.java.command" value="/Users/hashimkhan/Documents/java-mvn-practice/hdt-based-project/hdt-sparql-project/target/surefire/surefirebooter-20250426161852994_3.jar /Users/hashimkhan/Documents/java-mvn-practice/hdt-based-project/hdt-sparql-project/target/surefire 2025-04-26T16-18-52_947-jvmRun1 surefire-20250426161852994_1tmp surefire_0-20250426161852994_2tmp"/>
    <property name="http.nonProxyHosts" value="local|*.local|169.254/16|*.169.254/16"/>
    <property name="jdk.debug" value="release"/>
    <property name="surefire.test.class.path" value="/Users/hashimkhan/Documents/java-mvn-practice/hdt-based-project/hdt-sparql-project/target/test-classes:/Users/hashimkhan/Documents/java-mvn-practice/hdt-based-project/hdt-sparql-project/target/classes:/Users/hashimkhan/.m2/repository/com/github/rdfhdt/hdt-java/2.1.2/hdt-java-2.1.2.jar:/Users/hashimkhan/.m2/repository/com/github/rdfhdt/hdt-java/hdt-api/2.1.2/hdt-api-2.1.2.jar:/Users/hashimkhan/.m2/repository/com/github/rdfhdt/hdt-java/hdt-fuseki/2.1.2/hdt-fuseki-2.1.2.jar:/Users/hashimkhan/.m2/repository/org/apache/jena/jena-arq/3.13.1/jena-arq-3.13.1.jar:/Users/hashimkhan/.m2/repository/org/apache/jena/jena-shaded-guava/3.13.1/jena-shaded-guava-3.13.1.jar:/Users/hashimkhan/.m2/repository/org/apache/httpcomponents/httpclient/4.5.10/httpclient-4.5.10.jar:/Users/hashimkhan/.m2/repository/org/apache/httpcomponents/httpcore/4.4.12/httpcore-4.4.12.jar:/Users/hashimkhan/.m2/repository/com/github/jsonld-java/jsonld-java/0.12.5/jsonld-java-0.12.5.jar:/Users/hashimkhan/.m2/repository/com/fasterxml/jackson/core/jackson-core/2.9.10/jackson-core-2.9.10.jar:/Users/hashimkhan/.m2/repository/com/fasterxml/jackson/core/jackson-databind/2.9.10/jackson-databind-2.9.10.jar:/Users/hashimkhan/.m2/repository/com/fasterxml/jackson/core/jackson-annotations/2.9.10/jackson-annotations-2.9.10.jar:/Users/hashimkhan/.m2/repository/org/apache/httpcomponents/httpclient-cache/4.5.10/httpclient-cache-4.5.10.jar:/Users/hashimkhan/.m2/repository/org/apache/thrift/libthrift/0.12.0/libthrift-0.12.0.jar:/Users/hashimkhan/.m2/repository/org/slf4j/jcl-over-slf4j/1.7.26/jcl-over-slf4j-1.7.26.jar:/Users/hashimkhan/.m2/repository/org/apache/commons/commons-lang3/3.9/commons-lang3-3.9.jar:/Users/hashimkhan/.m2/repository/org/apache/jena/jena-base/3.13.1/jena-base-3.13.1.jar:/Users/hashimkhan/.m2/repository/org/apache/commons/commons-csv/1.7/commons-csv-1.7.jar:/Users/hashimkhan/.m2/repository/commons-io/commons-io/2.6/commons-io-2.6.jar:/Users/hashimkhan/.m2/repository/com/github/andrewoma/dexx/collection/0.7/collection-0.7.jar:/Users/hashimkhan/.m2/repository/org/apache/jena/jena-core/3.13.1/jena-core-3.13.1.jar:/Users/hashimkhan/.m2/repository/org/apache/jena/jena-iri/3.13.1/jena-iri-3.13.1.jar:/Users/hashimkhan/.m2/repository/commons-cli/commons-cli/1.4/commons-cli-1.4.jar:/Users/hashimkhan/.m2/repository/commons-codec/commons-codec/1.13/commons-codec-1.13.jar:/Users/hashimkhan/.m2/repository/org/slf4j/slf4j-api/1.7.30/slf4j-api-1.7.30.jar:/Users/hashimkhan/.m2/repository/org/apache/jena/jena-fuseki1/3.9.0/jena-fuseki1-3.9.0.jar:/Users/hashimkhan/.m2/repository/org/apache/jena/jena-text/3.9.0/jena-text-3.9.0.jar:/Users/hashimkhan/.m2/repository/org/apache/jena/jena-cmds/3.9.0/jena-cmds-3.9.0.jar:/Users/hashimkhan/.m2/repository/org/apache/lucene/lucene-core/6.4.1/lucene-core-6.4.1.jar:/Users/hashimkhan/.m2/repository/org/apache/lucene/lucene-analyzers-common/6.4.1/lucene-analyzers-common-6.4.1.jar:/Users/hashimkhan/.m2/repository/org/apache/lucene/lucene-queryparser/6.4.1/lucene-queryparser-6.4.1.jar:/Users/hashimkhan/.m2/repository/org/apache/lucene/lucene-queries/6.4.1/lucene-queries-6.4.1.jar:/Users/hashimkhan/.m2/repository/org/apache/lucene/lucene-sandbox/6.4.1/lucene-sandbox-6.4.1.jar:/Users/hashimkhan/.m2/repository/org/apache/lucene/lucene-highlighter/6.4.1/lucene-highlighter-6.4.1.jar:/Users/hashimkhan/.m2/repository/org/apache/lucene/lucene-join/6.4.1/lucene-join-6.4.1.jar:/Users/hashimkhan/.m2/repository/org/apache/lucene/lucene-memory/6.4.1/lucene-memory-6.4.1.jar:/Users/hashimkhan/.m2/repository/org/apache/jena/jena-spatial/3.9.0/jena-spatial-3.9.0.jar:/Users/hashimkhan/.m2/repository/org/apache/lucene/lucene-spatial/6.4.1/lucene-spatial-6.4.1.jar:/Users/hashimkhan/.m2/repository/org/apache/lucene/lucene-spatial-extras/6.4.1/lucene-spatial-extras-6.4.1.jar:/Users/hashimkhan/.m2/repository/org/apache/lucene/lucene-misc/6.4.1/lucene-misc-6.4.1.jar:/Users/hashimkhan/.m2/repository/org/apache/lucene/lucene-spatial3d/6.4.1/lucene-spatial3d-6.4.1.jar:/Users/hashimkhan/.m2/repository/org/locationtech/spatial4j/spatial4j/0.6/spatial4j-0.6.jar:/Users/hashimkhan/.m2/repository/commons-fileupload/commons-fileupload/1.3.3/commons-fileupload-1.3.3.jar:/Users/hashimkhan/.m2/repository/org/eclipse/jetty/jetty-server/8.1.22.v20160922/jetty-server-8.1.22.v20160922.jar:/Users/hashimkhan/.m2/repository/org/eclipse/jetty/orbit/javax.servlet/3.0.0.v201112011016/javax.servlet-3.0.0.v201112011016.jar:/Users/hashimkhan/.m2/repository/org/eclipse/jetty/jetty-continuation/8.1.22.v20160922/jetty-continuation-8.1.22.v20160922.jar:/Users/hashimkhan/.m2/repository/org/eclipse/jetty/jetty-http/8.1.22.v20160922/jetty-http-8.1.22.v20160922.jar:/Users/hashimkhan/.m2/repository/org/eclipse/jetty/jetty-io/8.1.22.v20160922/jetty-io-8.1.22.v20160922.jar:/Users/hashimkhan/.m2/repository/org/eclipse/jetty/jetty-servlet/8.1.22.v20160922/jetty-servlet-8.1.22.v20160922.jar:/Users/hashimkhan/.m2/repository/org/eclipse/jetty/jetty-servlets/8.1.22.v20160922/jetty-servlets-8.1.22.v20160922.jar:/Users/hashimkhan/.m2/repository/org/eclipse/jetty/jetty-client/8.1.22.v20160922/jetty-client-8.1.22.v20160922.jar:/Users/hashimkhan/.m2/repository/org/eclipse/jetty/jetty-xml/8.1.22.v20160922/jetty-xml-8.1.22.v20160922.jar:/Users/hashimkhan/.m2/repository/org/eclipse/jetty/jetty-security/8.1.22.v20160922/jetty-security-8.1.22.v20160922.jar:/Users/hashimkhan/.m2/repository/org/eclipse/jetty/jetty-util/8.1.22.v20160922/jetty-util-8.1.22.v20160922.jar:/Users/hashimkhan/.m2/repository/org/apache/velocity/velocity/1.7/velocity-1.7.jar:/Users/hashimkhan/.m2/repository/commons-collections/commons-collections/3.2.1/commons-collections-3.2.1.jar:/Users/hashimkhan/.m2/repository/commons-lang/commons-lang/2.4/commons-lang-2.4.jar:/Users/hashimkhan/.m2/repository/org/slf4j/slf4j-log4j12/1.7.25/slf4j-log4j12-1.7.25.jar:/Users/hashimkhan/.m2/repository/log4j/log4j/1.2.17/log4j-1.2.17.jar:/Users/hashimkhan/.m2/repository/com/github/rdfhdt/hdt-java/hdt-java-cli/2.1.2/hdt-java-cli-2.1.2.jar:/Users/hashimkhan/.m2/repository/com/beust/jcommander/1.78/jcommander-1.78.jar:/Users/hashimkhan/.m2/repository/ch/qos/logback/logback-classic/1.2.3/logback-classic-1.2.3.jar:/Users/hashimkhan/.m2/repository/ch/qos/logback/logback-core/1.2.3/logback-core-1.2.3.jar:/Users/hashimkhan/.m2/repository/com/github/rdfhdt/hdt-java/hdt-java-core/2.1.2/hdt-java-core-2.1.2.jar:/Users/hashimkhan/.m2/repository/org/apache/commons/commons-compress/1.20/commons-compress-1.20.jar:/Users/hashimkhan/.m2/repository/pl/edu/icm/JLargeArrays/1.6/JLargeArrays-1.6.jar:/Users/hashimkhan/.m2/repository/org/apache/commons/commons-math3/3.5/commons-math3-3.5.jar:/Users/hashimkhan/.m2/repository/org/tukaani/xz/1.6/xz-1.6.jar:/Users/hashimkhan/.m2/repository/com/github/rdfhdt/hdt-java/hdt-jena/2.1.2/hdt-jena-2.1.2.jar:/Users/hashimkhan/.m2/repository/org/apache/jena/jena-rdfpatch/4.10.0/jena-rdfpatch-4.10.0.jar:/Users/hashimkhan/.m2/repository/org/apache/jena/jena-shacl/4.10.0/jena-shacl-4.10.0.jar:/Users/hashimkhan/.m2/repository/org/apache/jena/jena-shex/4.10.0/jena-shex-4.10.0.jar:/Users/hashimkhan/.m2/repository/org/apache/jena/jena-tdb/4.10.0/jena-tdb-4.10.0.jar:/Users/hashimkhan/.m2/repository/org/apache/jena/jena-tdb2/4.10.0/jena-tdb2-4.10.0.jar:/Users/hashimkhan/.m2/repository/org/apache/jena/jena-dboe-storage/4.10.0/jena-dboe-storage-4.10.0.jar:/Users/hashimkhan/.m2/repository/org/apache/jena/jena-dboe-trans-data/4.10.0/jena-dboe-trans-data-4.10.0.jar:/Users/hashimkhan/.m2/repository/org/apache/jena/jena-dboe-transaction/4.10.0/jena-dboe-transaction-4.10.0.jar:/Users/hashimkhan/.m2/repository/org/apache/jena/jena-dboe-base/4.10.0/jena-dboe-base-4.10.0.jar:/Users/hashimkhan/.m2/repository/org/apache/jena/jena-dboe-index/4.10.0/jena-dboe-index-4.10.0.jar:/Users/hashimkhan/.m2/repository/org/apache/jena/jena-rdfconnection/4.10.0/jena-rdfconnection-4.10.0.jar:/Users/hashimkhan/.m2/repository/org/junit/jupiter/junit-jupiter/5.10.0/junit-jupiter-5.10.0.jar:/Users/hashimkhan/.m2/repository/org/junit/jupiter/junit-jupiter-api/5.10.0/junit-jupiter-api-5.10.0.jar:/Users/hashimkhan/.m2/repository/org/opentest4j/opentest4j/1.3.0/opentest4j-1.3.0.jar:/Users/hashimkhan/.m2/repository/org/junit/platform/junit-platform-commons/1.10.0/junit-platform-commons-1.10.0.jar:/Users/hashimkhan/.m2/repository/org/apiguardian/apiguardian-api/1.1.2/apiguardian-api-1.1.2.jar:/Users/hashimkhan/.m2/repository/org/junit/jupiter/junit-jupiter-params/5.10.0/junit-jupiter-params-5.10.0.jar:/Users/hashimkhan/.m2/repository/org/junit/jupiter/junit-jupiter-engine/5.10.0/junit-jupiter-engine-5.10.0.jar:/Users/hashimkhan/.m2/repository/org/junit/platform/junit-platform-engine/1.10.0/junit-platform-engine-1.10.0.jar:"/>
    <property name="sun.cpu.endian" value="little"/>
    <property name="user.home" value="/Users/hashimkhan"/>
    <property name="user.language" value="en"/>
    <property name="java.specification.vendor" value="Oracle Corporation"/>
    <property name="java.version.date" value="2025-01-21"/>
    <property name="java.home" value="/opt/homebrew/Cellar/openjdk@11/11.0.26/libexec/openjdk.jdk/Contents/Home"/>
    <property name="file.separator" value="/"/>
    <property name="basedir" value="/Users/hashimkhan/Documents/java-mvn-practice/hdt-based-project/hdt-sparql-project"/>
    <property name="java.vm.compressedOopsMode" value="Zero based"/>
    <property name="line.separator" value="&#10;"/>
    <property name="java.specification.name" value="Java Platform API Specification"/>
    <property name="java.vm.specification.vendor" value="Oracle Corporation"/>
    <property name="java.awt.graphicsenv" value="sun.awt.CGraphicsEnvironment"/>
    <property name="surefire.real.class.path" value="/Users/hashimkhan/Documents/java-mvn-practice/hdt-based-project/hdt-sparql-project/target/surefire/surefirebooter-20250426161852994_3.jar"/>
    <property name="sun.management.compiler" value="HotSpot 64-Bit Tiered Compilers"/>
    <property name="ftp.nonProxyHosts" value="local|*.local|169.254/16|*.169.254/16"/>
    <property name="java.runtime.version" value="11.0.26+0"/>
    <property name="user.name" value="hashimkhan"/>
    <property name="path.separator" value=":"/>
    <property name="os.version" value="13.5"/>
    <property name="java.runtime.name" value="OpenJDK Runtime Environment"/>
    <property name="file.encoding" value="UTF-8"/>
    <property name="java.vm.name" value="OpenJDK 64-Bit Server VM"/>
    <property name="java.vendor.version" value="Homebrew"/>
    <property name="localRepository" value="/Users/hashimkhan/.m2/repository"/>
    <property name="java.vendor.url.bug" value="https://github.com/Homebrew/homebrew-core/issues"/>
    <property name="java.io.tmpdir" value="/var/folders/k1/dvy8pm1n0ml27w8grpd3xmdw0000gn/T/"/>
    <property name="java.version" value="11.0.26"/>
    <property name="user.dir" value="/Users/hashimkhan/Documents/java-mvn-practice/hdt-based-project/hdt-sparql-project"/>
    <property name="os.arch" value="aarch64"/>
    <property name="java.vm.specification.name" value="Java Virtual Machine Specification"/>
    <property name="java.awt.printerjob" value="sun.lwawt.macosx.CPrinterJob"/>
    <property name="sun.os.patch.level" value="unknown"/>
    <property name="java.library.path" value="/Users/hashimkhan/Library/Java/Extensions:/Library/Java/Extensions:/Network/Library/Java/Extensions:/System/Library/Java/Extensions:/usr/lib/java:."/>
    <property name="java.vm.info" value="mixed mode"/>
    <property name="java.vendor" value="Homebrew"/>
    <property name="java.vm.version" value="11.0.26+0"/>
    <property name="java.specification.maintenance.version" value="3"/>
    <property name="sun.io.unicode.encoding" value="UnicodeBig"/>
    <property name="java.class.version" value="55.0"/>
    <property name="socksNonProxyHosts" value="local|*.local|169.254/16|*.169.254/16"/>
  </properties>
  <testcase name="testApp" classname="com.example.AppTest" time="0.01"/>
  <testcase name="testAddition" classname="com.example.AppTest" time="0.001"/>
</testsuite>